<?xml version="1.0" encoding="UTF-8"?>
<!-- Generated by org.testng.reporters.JUnitReportReporter -->
<testsuite skipped="0" hostname="ankur-Vostro-3590" name="ValidateTitle.HomePageValidateTitle" tests="1" failures="0" timestamp="2021-03-09T17:36:48 IST" time="0.034" errors="0">
  <testcase name="basePageNavigation" time="0.034" classname="ValidateTitle.HomePageValidateTitle"/>
  <system-out/>
</testsuite> <!-- ValidateTitle.HomePageValidateTitle -->
