<?xml version="1.0" encoding="UTF-8"?>
<!-- Generated by org.testng.reporters.JUnitReportReporter -->
<testsuite skipped="0" hostname="ankur-Vostro-3590" name="Academy.HomePage" tests="2" failures="0" timestamp="2021-03-09T15:13:30 IST" time="6.981" errors="0">
  <testcase name="basePageNavigation" time="2.884" classname="Academy.HomePage"/>
  <system-out/>
  <testcase name="basePageNavigation" time="4.097" classname="Academy.HomePage"/>
  <system-out/>
</testsuite> <!-- Academy.HomePage -->
