<?xml version="1.0" encoding="UTF-8"?>
<!-- Generated by org.testng.reporters.JUnitReportReporter -->
<testsuite skipped="0" hostname="ankur-Vostro-3590" name="Academy.HomePage" tests="2" failures="0" timestamp="2021-03-09T17:36:48 IST" time="5.190" errors="0">
  <testcase name="basePageNavigation" time="2.369" classname="Academy.HomePage"/>
  <system-out/>
  <testcase name="basePageNavigation" time="2.821" classname="Academy.HomePage"/>
  <system-out/>
</testsuite> <!-- Academy.HomePage -->
